<?xml version="1.0" encoding="UTF-8" ?>
<testsuite errors="0" failures="0" hostname="zhoutengteng-Lenovo-IdeaPad-Y470" name="ImplementImageIOTest" skipped="0" tests="8" time="2.015" timestamp="2015-08-27T01:43:31">
  <properties>
[...]
</properties>
  <testcase classname="ImplementImageIOTest" name="testcase2" time="0.47" />
  <testcase classname="ImplementImageIOTest" name="testcase1" time="0.165" />
  <testcase classname="ImplementImageIOTest" name="testcase8" time="0.315" />
  <testcase classname="ImplementImageIOTest" name="testcase5" time="0.285" />
  <testcase classname="ImplementImageIOTest" name="testcase6" time="0.277" />
  <testcase classname="ImplementImageIOTest" name="testcase7" time="0.283" />
  <testcase classname="ImplementImageIOTest" name="testcase3" time="0.065" />
  <testcase classname="ImplementImageIOTest" name="testcase4" time="0.063" />
  <system-out><![CDATA[480054
54
400
400
3
0
480054
54
400
400
3
0
2199606
54
715
1024
3
3
2199606
54
715
1024
3
3
2199606
54
715
1024
3
3
2199606
54
715
1024
3
3
480054
54
400
400
3
0
480054
54
400
400
3
0
]]></system-out>
  <system-err><![CDATA[]]></system-err>
</testsuite>
