<?xml version="1.0" encoding="UTF-8" ?>
<testsuite errors="0" failures="1" hostname="zhoutengteng-Lenovo-IdeaPad-Y470" name="HelloWorldTest" skipped="0" tests="1" time="0.096" timestamp="2015-08-21T07:46:04">
  <properties>
[...]
</properties>
  <testcase classname="HelloWorldTest" name="testHello" time="0.009">
    <failure message="expected:&lt;Hello  World![!]&gt; but was:&lt;Hello  World![]&gt;" type="junit.framework.AssertionFailedError">junit.framework.AssertionFailedError: expected:&lt;Hello  World![!]&gt; but was:&lt;Hello  World![]&gt;
	at HelloWorldTest.testHello(Unknown Source)
</failure>
  </testcase>
  <system-out><![CDATA[]]></system-out>
  <system-err><![CDATA[]]></system-err>
</testsuite>
